19:43:07.240 INFO  [http-bio-8080-exec-9] [org.hibernate.Version] HHH000412: Hibernate Core {5.0.2.Final}
19:43:07.319 INFO  [http-bio-8080-exec-9] [org.hibernate.cfg.Environment] HHH000206: hibernate.properties not found
19:43:07.339 INFO  [http-bio-8080-exec-9] [org.hibernate.cfg.Environment] HHH000021: Bytecode provider name : javassist
19:43:12.074 INFO  [http-bio-8080-exec-9] [org.hibernate.annotations.common.Version] HCANN000001: Hibernate Commons Annotations {5.0.0.Final}
19:43:49.034 WARN  [http-bio-8080-exec-1] [org.hibernate.engine.jdbc.connections.internal.DriverManagerConnectionProviderImpl] HHH000402: Using Hibernate built-in connection pool (not for production use!)
19:43:49.043 WARN  [http-bio-8080-exec-4] [org.hibernate.engine.jdbc.connections.internal.DriverManagerConnectionProviderImpl] HHH000402: Using Hibernate built-in connection pool (not for production use!)
19:43:49.046 WARN  [http-bio-8080-exec-3] [org.hibernate.engine.jdbc.connections.internal.DriverManagerConnectionProviderImpl] HHH000402: Using Hibernate built-in connection pool (not for production use!)
19:43:49.048 WARN  [http-bio-8080-exec-7] [org.hibernate.engine.jdbc.connections.internal.DriverManagerConnectionProviderImpl] HHH000402: Using Hibernate built-in connection pool (not for production use!)
19:43:49.050 WARN  [http-bio-8080-exec-9] [org.hibernate.engine.jdbc.connections.internal.DriverManagerConnectionProviderImpl] HHH000402: Using Hibernate built-in connection pool (not for production use!)
19:43:49.105 INFO  [http-bio-8080-exec-1] [org.hibernate.engine.jdbc.connections.internal.DriverManagerConnectionProviderImpl] HHH000401: using driver [com.mysql.jdbc.Driver] at URL [jdbc:mysql://localhost:3306/Filmoteka]
19:43:49.111 INFO  [http-bio-8080-exec-3] [org.hibernate.engine.jdbc.connections.internal.DriverManagerConnectionProviderImpl] HHH000401: using driver [com.mysql.jdbc.Driver] at URL [jdbc:mysql://localhost:3306/Filmoteka]
19:43:49.113 INFO  [http-bio-8080-exec-7] [org.hibernate.engine.jdbc.connections.internal.DriverManagerConnectionProviderImpl] HHH000401: using driver [com.mysql.jdbc.Driver] at URL [jdbc:mysql://localhost:3306/Filmoteka]
19:43:49.118 INFO  [http-bio-8080-exec-7] [org.hibernate.engine.jdbc.connections.internal.DriverManagerConnectionProviderImpl] HHH000046: Connection properties: {useUnicode=true, user=root, password=****, CharSet=utf8, characterEncoding=utf8}
19:43:49.120 INFO  [http-bio-8080-exec-7] [org.hibernate.engine.jdbc.connections.internal.DriverManagerConnectionProviderImpl] HHH000006: Autocommit mode: false
19:43:49.122 INFO  [http-bio-8080-exec-4] [org.hibernate.engine.jdbc.connections.internal.DriverManagerConnectionProviderImpl] HHH000401: using driver [com.mysql.jdbc.Driver] at URL [jdbc:mysql://localhost:3306/Filmoteka]
19:43:49.130 INFO  [http-bio-8080-exec-9] [org.hibernate.engine.jdbc.connections.internal.DriverManagerConnectionProviderImpl] HHH000401: using driver [com.mysql.jdbc.Driver] at URL [jdbc:mysql://localhost:3306/Filmoteka]
19:43:49.132 INFO  [http-bio-8080-exec-1] [org.hibernate.engine.jdbc.connections.internal.DriverManagerConnectionProviderImpl] HHH000046: Connection properties: {useUnicode=true, user=root, password=****, CharSet=utf8, characterEncoding=utf8}
19:43:49.129 INFO  [http-bio-8080-exec-3] [org.hibernate.engine.jdbc.connections.internal.DriverManagerConnectionProviderImpl] HHH000046: Connection properties: {useUnicode=true, user=root, password=****, CharSet=utf8, characterEncoding=utf8}
19:43:49.147 INFO  [http-bio-8080-exec-4] [org.hibernate.engine.jdbc.connections.internal.DriverManagerConnectionProviderImpl] HHH000046: Connection properties: {useUnicode=true, user=root, password=****, CharSet=utf8, characterEncoding=utf8}
19:43:49.151 INFO  [http-bio-8080-exec-9] [org.hibernate.engine.jdbc.connections.internal.DriverManagerConnectionProviderImpl] HHH000046: Connection properties: {useUnicode=true, user=root, password=****, CharSet=utf8, characterEncoding=utf8}
19:43:49.164 INFO  [http-bio-8080-exec-1] [org.hibernate.engine.jdbc.connections.internal.DriverManagerConnectionProviderImpl] HHH000006: Autocommit mode: false
19:43:49.166 INFO  [http-bio-8080-exec-3] [org.hibernate.engine.jdbc.connections.internal.DriverManagerConnectionProviderImpl] HHH000006: Autocommit mode: false
19:43:49.168 INFO  [http-bio-8080-exec-4] [org.hibernate.engine.jdbc.connections.internal.DriverManagerConnectionProviderImpl] HHH000006: Autocommit mode: false
19:43:49.170 INFO  [http-bio-8080-exec-9] [org.hibernate.engine.jdbc.connections.internal.DriverManagerConnectionProviderImpl] HHH000006: Autocommit mode: false
19:43:49.197 INFO  [http-bio-8080-exec-9] [org.hibernate.engine.jdbc.connections.internal.DriverManagerConnectionProviderImpl] HHH000115: Hibernate connection pool size: 20 (min=1)
19:43:49.202 INFO  [http-bio-8080-exec-7] [org.hibernate.engine.jdbc.connections.internal.DriverManagerConnectionProviderImpl] HHH000115: Hibernate connection pool size: 20 (min=1)
19:43:49.214 INFO  [http-bio-8080-exec-4] [org.hibernate.engine.jdbc.connections.internal.DriverManagerConnectionProviderImpl] HHH000115: Hibernate connection pool size: 20 (min=1)
19:43:49.222 INFO  [http-bio-8080-exec-3] [org.hibernate.engine.jdbc.connections.internal.DriverManagerConnectionProviderImpl] HHH000115: Hibernate connection pool size: 20 (min=1)
19:43:49.224 INFO  [http-bio-8080-exec-1] [org.hibernate.engine.jdbc.connections.internal.DriverManagerConnectionProviderImpl] HHH000115: Hibernate connection pool size: 20 (min=1)
